{"level":"info","message":"MongoDB connected successfully to development database","service":"node-express-backend","timestamp":"2025-10-27 12:07:53"}
{"level":"info","message":"Server running on port 3000 in development mode","service":"node-express-backend","timestamp":"2025-10-27 12:07:53"}
{"level":"info","message":"API documentation available at http://localhost:3000/api-docs","service":"node-express-backend","timestamp":"2025-10-27 12:07:53"}
{"level":"info","message":"MongoDB connected successfully to development database","service":"node-express-backend","timestamp":"2025-10-27 12:08:42"}
{"level":"info","message":"Server running on port 3000 in development mode","service":"node-express-backend","timestamp":"2025-10-27 12:08:42"}
{"level":"info","message":"API documentation available at http://localhost:3000/api-docs","service":"node-express-backend","timestamp":"2025-10-27 12:08:42"}
{"level":"info","message":"MongoDB connected successfully to development database","service":"node-express-backend","timestamp":"2025-10-27 12:19:36"}
{"level":"info","message":"MongoDB connected successfully to development database","service":"node-express-backend","timestamp":"2025-10-27 12:19:52"}
{"level":"info","message":"Server running on port 3000 in development mode","service":"node-express-backend","timestamp":"2025-10-27 12:19:52"}
{"level":"info","message":"API documentation available at http://localhost:3000/api-docs","service":"node-express-backend","timestamp":"2025-10-27 12:19:52"}
{"level":"info","message":"MongoDB connected successfully to development database","service":"node-express-backend","timestamp":"2025-10-27 13:37:06"}
{"level":"info","message":"Server running on port 3000 in development mode","service":"node-express-backend","timestamp":"2025-10-27 13:37:06"}
{"level":"info","message":"API documentation available at http://localhost:3000/api-docs","service":"node-express-backend","timestamp":"2025-10-27 13:37:06"}
{"level":"info","message":"MongoDB connected successfully to development database","service":"node-express-backend","timestamp":"2025-10-27 13:45:50"}
{"level":"info","message":"Server running on port 3000 in development mode","service":"node-express-backend","timestamp":"2025-10-27 13:45:50"}
{"level":"info","message":"API documentation available at http://localhost:3000/api-docs","service":"node-express-backend","timestamp":"2025-10-27 13:45:50"}
{"level":"info","message":"MongoDB connected successfully to development database","service":"node-express-backend","timestamp":"2025-10-27 13:56:19"}
{"level":"info","message":"Server running on port 3000 in development mode","service":"node-express-backend","timestamp":"2025-10-27 13:56:19"}
{"level":"info","message":"API documentation available at http://localhost:3000/api-docs","service":"node-express-backend","timestamp":"2025-10-27 13:56:19"}
{"level":"info","message":"MongoDB connected successfully to development database","service":"node-express-backend","timestamp":"2025-10-27 13:59:47"}
{"level":"info","message":"Server running on port 3000 in development mode","service":"node-express-backend","timestamp":"2025-10-27 13:59:47"}
{"level":"info","message":"API documentation available at http://localhost:3000/api-docs","service":"node-express-backend","timestamp":"2025-10-27 13:59:47"}
{"level":"info","message":"MongoDB connected successfully to development database","service":"node-express-backend","timestamp":"2025-10-27 14:10:18"}
{"level":"info","message":"Server running on port 3000 in development mode","service":"node-express-backend","timestamp":"2025-10-27 14:10:18"}
{"level":"info","message":"API documentation available at http://localhost:3000/api-docs","service":"node-express-backend","timestamp":"2025-10-27 14:10:18"}
{"level":"info","message":"MongoDB connected successfully to development database","service":"node-express-backend","timestamp":"2025-10-27 14:19:57"}
{"level":"info","message":"Server running on port 3000 in development mode","service":"node-express-backend","timestamp":"2025-10-27 14:19:57"}
{"level":"info","message":"API documentation available at http://localhost:3000/api-docs","service":"node-express-backend","timestamp":"2025-10-27 14:19:57"}
{"level":"info","message":"MongoDB connected successfully to development database","service":"node-express-backend","timestamp":"2025-10-27 14:53:15"}
{"level":"info","message":"Server running on port 3000 in development mode","service":"node-express-backend","timestamp":"2025-10-27 14:53:15"}
{"level":"info","message":"API documentation available at http://localhost:3000/api-docs","service":"node-express-backend","timestamp":"2025-10-27 14:53:15"}
{"level":"info","message":"MongoDB connected successfully to development database","service":"node-express-backend","timestamp":"2025-10-27 14:57:43"}
{"level":"info","message":"Server running on port 3000 in development mode","service":"node-express-backend","timestamp":"2025-10-27 14:57:43"}
{"level":"info","message":"API documentation available at http://localhost:3000/api-docs","service":"node-express-backend","timestamp":"2025-10-27 14:57:43"}
{"level":"info","message":"MongoDB connected successfully to development database","service":"node-express-backend","timestamp":"2025-10-27 15:07:08"}
{"level":"info","message":"Server running on port 3000 in development mode","service":"node-express-backend","timestamp":"2025-10-27 15:07:08"}
{"level":"info","message":"API documentation available at http://localhost:3000/api-docs","service":"node-express-backend","timestamp":"2025-10-27 15:07:08"}
{"body":{"mcqAnswers":[{"isCorrect":true,"questionId":"68ff354b9fc92992c0eb3192","selectedAnswer":1},{"isCorrect":true,"questionId":"68ff354b9fc92992c0eb3193","selectedAnswer":1},{"isCorrect":true,"questionId":"68ff354b9fc92992c0eb3194","selectedAnswer":2},{"isCorrect":true,"questionId":"68ff354b9fc92992c0eb3195","selectedAnswer":2},{"isCorrect":true,"questionId":"68ff354b9fc92992c0eb3196","selectedAnswer":1},{"isCorrect":true,"questionId":"68ff354b9fc92992c0eb3197","selectedAnswer":1},{"isCorrect":true,"questionId":"68ff354b9fc92992c0eb3198","selectedAnswer":2},{"isCorrect":true,"questionId":"68ff354b9fc92992c0eb3199","selectedAnswer":3},{"isCorrect":true,"questionId":"68ff354b9fc92992c0eb319a","selectedAnswer":2},{"isCorrect":true,"questionId":"68ff354b9fc92992c0eb319b","selectedAnswer":1},{"isCorrect":true,"questionId":"68ff354b9fc92992c0eb319c","selectedAnswer":1},{"isCorrect":true,"questionId":"68ff354b9fc92992c0eb319d","selectedAnswer":1},{"isCorrect":true,"questionId":"68ff354b9fc92992c0eb319e","selectedAnswer":1},{"isCorrect":true,"questionId":"68ff354b9fc92992c0eb319f","selectedAnswer":0},{"isCorrect":true,"questionId":"68ff354b9fc92992c0eb31a0","selectedAnswer":2},{"isCorrect":true,"questionId":"68ff354b9fc92992c0eb31a1","selectedAnswer":1},{"isCorrect":true,"questionId":"68ff354b9fc92992c0eb31a2","selectedAnswer":1},{"isCorrect":true,"questionId":"68ff354b9fc92992c0eb31a3","selectedAnswer":0},{"isCorrect":true,"questionId":"68ff354b9fc92992c0eb31a4","selectedAnswer":1},{"isCorrect":true,"questionId":"68ff354b9fc92992c0eb31a5","selectedAnswer":1}],"mcqScore":{"correctAnswers":20,"percentage":100,"totalQuestions":20},"personalInfo":{"collegeName":"Russell Kent","department":"Frontend Developer","email":"kifesonudo@mailinator.com","fullName":"Marsden Lynn","phone":"+1 (565) 739-4215","semester":"1","year":"1"},"projectDetails":{"description":"Reiciendis duis perf","title":"Dolor ab atque repre","websiteUrl":"https://www.kaqoqikuqamip.us"},"status":"submitted","submittedAt":"2025-10-27T09:37:11.316Z"},"level":"info","message":"Create submission request","service":"node-express-backend","timestamp":"2025-10-27 15:07:11"}
{"ip":"::1","level":"warn","message":"Missing Authorization header for request","path":"/api/submissions","service":"node-express-backend","timestamp":"2025-10-27 15:07:11"}
{"err":"jwt expired","level":"warn","message":"Invalid access token","path":"/api/submissions?_order=created_at&_order_dir=desc","service":"node-express-backend","timestamp":"2025-10-27 15:07:27","token":"eyJhbGci..."}
{"err":"jwt expired","level":"warn","message":"Invalid access token","path":"/api/submissions?_order=created_at&_order_dir=desc","service":"node-express-backend","timestamp":"2025-10-27 15:07:29","token":"eyJhbGci..."}
{"err":"jwt expired","level":"warn","message":"Invalid access token","path":"/api/submissions?_order=created_at&_order_dir=desc","service":"node-express-backend","timestamp":"2025-10-27 15:07:35","token":"eyJhbGci..."}
{"body":{"mcqAnswers":[{"isCorrect":true,"questionId":"68ff354b9fc92992c0eb3192","selectedAnswer":1},{"isCorrect":true,"questionId":"68ff354b9fc92992c0eb3193","selectedAnswer":1},{"isCorrect":true,"questionId":"68ff354b9fc92992c0eb3194","selectedAnswer":2},{"isCorrect":true,"questionId":"68ff354b9fc92992c0eb3195","selectedAnswer":2},{"isCorrect":true,"questionId":"68ff354b9fc92992c0eb3196","selectedAnswer":1},{"isCorrect":true,"questionId":"68ff354b9fc92992c0eb3197","selectedAnswer":1},{"isCorrect":false,"questionId":"68ff354b9fc92992c0eb3198","selectedAnswer":3},{"isCorrect":true,"questionId":"68ff354b9fc92992c0eb3199","selectedAnswer":3},{"isCorrect":true,"questionId":"68ff354b9fc92992c0eb319a","selectedAnswer":2},{"isCorrect":true,"questionId":"68ff354b9fc92992c0eb319b","selectedAnswer":1},{"isCorrect":true,"questionId":"68ff354b9fc92992c0eb319c","selectedAnswer":1},{"isCorrect":true,"questionId":"68ff354b9fc92992c0eb319d","selectedAnswer":1},{"isCorrect":true,"questionId":"68ff354b9fc92992c0eb319e","selectedAnswer":1},{"isCorrect":true,"questionId":"68ff354b9fc92992c0eb319f","selectedAnswer":0},{"isCorrect":true,"questionId":"68ff354b9fc92992c0eb31a0","selectedAnswer":2},{"isCorrect":true,"questionId":"68ff354b9fc92992c0eb31a1","selectedAnswer":1},{"isCorrect":true,"questionId":"68ff354b9fc92992c0eb31a2","selectedAnswer":1},{"isCorrect":true,"questionId":"68ff354b9fc92992c0eb31a3","selectedAnswer":0},{"isCorrect":true,"questionId":"68ff354b9fc92992c0eb31a4","selectedAnswer":1},{"isCorrect":true,"questionId":"68ff354b9fc92992c0eb31a5","selectedAnswer":1}],"mcqScore":{"correctAnswers":19,"percentage":95,"totalQuestions":20},"personalInfo":{"collegeName":"Trevor Melendez","department":"Frontend Developer","email":"gilywe@mailinator.com","fullName":"Madison Jensen","phone":"+1 (578) 942-5331","semester":"3","year":"1"},"projectDetails":{"description":"Inventore enim lorem","title":"Tempora rerum occaec","websiteUrl":"https://www.fejoxa.cm"},"status":"submitted","submittedAt":"2025-10-27T09:50:42.946Z"},"level":"info","message":"Create submission request","service":"node-express-backend","timestamp":"2025-10-27 15:20:42"}
{"ip":"::1","level":"warn","message":"Missing Authorization header for request","path":"/api/submissions","service":"node-express-backend","timestamp":"2025-10-27 15:20:43"}
{"ip":"::1","level":"warn","message":"Missing Authorization header for request","path":"/api/submissions?_order=created_at&_order_dir=desc","service":"node-express-backend","timestamp":"2025-10-27 15:33:47"}
{"err":"jwt expired","level":"warn","message":"Invalid access token","path":"/api/mcq/bulk","service":"node-express-backend","timestamp":"2025-10-27 15:38:49","token":"eyJhbGci..."}
{"level":"info","message":"MongoDB connected successfully to development database","service":"node-express-backend","timestamp":"2025-10-27 15:42:36"}
{"level":"info","message":"Server running on port 3000 in development mode","service":"node-express-backend","timestamp":"2025-10-27 15:42:36"}
{"level":"info","message":"API documentation available at http://localhost:3000/api-docs","service":"node-express-backend","timestamp":"2025-10-27 15:42:36"}
{"err":"jwt expired","level":"warn","message":"Invalid access token","path":"/api/submissions?_order=created_at&_order_dir=desc","service":"node-express-backend","timestamp":"2025-10-27 15:55:58","token":"eyJhbGci..."}
{"level":"info","message":"MongoDB connected successfully to development database","service":"node-express-backend","timestamp":"2025-10-27 15:59:37"}
{"level":"info","message":"Server running on port 3000 in development mode","service":"node-express-backend","timestamp":"2025-10-27 15:59:37"}
{"level":"info","message":"API documentation available at http://localhost:3000/api-docs","service":"node-express-backend","timestamp":"2025-10-27 15:59:37"}
{"level":"info","message":"Bulk MCQ upload","processed":100,"received":100,"service":"node-express-backend","timestamp":"2025-10-27 16:00:16"}
{"ip":"::1","level":"warn","message":"Missing Authorization header for request","path":"/api/submissions?_order=created_at&_order_dir=desc","service":"node-express-backend","timestamp":"2025-10-27 16:04:07"}
{"err":"jwt expired","level":"warn","message":"Invalid access token","path":"/api/submissions?_order=created_at&_order_dir=desc","service":"node-express-backend","timestamp":"2025-10-27 16:28:53","token":"eyJhbGci..."}
{"body":{"mcqAnswers":[{"isCorrect":true,"questionId":"68ff49b808203371705a383e","selectedAnswer":2},{"isCorrect":true,"questionId":"68ff49b808203371705a383f","selectedAnswer":1},{"isCorrect":true,"questionId":"68ff49b808203371705a3840","selectedAnswer":3},{"isCorrect":true,"questionId":"68ff49b808203371705a3841","selectedAnswer":0},{"isCorrect":true,"questionId":"68ff49b808203371705a3842","selectedAnswer":2},{"isCorrect":true,"questionId":"68ff49b808203371705a3843","selectedAnswer":3},{"isCorrect":true,"questionId":"68ff49b808203371705a3844","selectedAnswer":1},{"isCorrect":true,"questionId":"68ff49b808203371705a3845","selectedAnswer":2},{"isCorrect":true,"questionId":"68ff49b808203371705a3846","selectedAnswer":3},{"isCorrect":true,"questionId":"68ff49b808203371705a3847","selectedAnswer":1},{"isCorrect":true,"questionId":"68ff49b808203371705a3848","selectedAnswer":1},{"isCorrect":true,"questionId":"68ff49b808203371705a3849","selectedAnswer":1},{"isCorrect":true,"questionId":"68ff49b808203371705a384a","selectedAnswer":1},{"isCorrect":true,"questionId":"68ff49b808203371705a384b","selectedAnswer":1},{"isCorrect":true,"questionId":"68ff49b808203371705a384c","selectedAnswer":2},{"isCorrect":true,"questionId":"68ff49b808203371705a384d","selectedAnswer":1},{"isCorrect":true,"questionId":"68ff49b808203371705a384e","selectedAnswer":1},{"isCorrect":true,"questionId":"68ff49b808203371705a384f","selectedAnswer":3},{"isCorrect":true,"questionId":"68ff49b808203371705a3850","selectedAnswer":1},{"isCorrect":true,"questionId":"68ff49b808203371705a3851","selectedAnswer":2}],"mcqScore":{"correctAnswers":20,"percentage":100,"totalQuestions":20},"personalInfo":{"collegeName":"Erich Graves","department":"Sed alias molestias ","email":"parehod@mailinator.com","fullName":"Veronica Tanner","phone":"+1 (709) 972-5674","role":"UI/UX","semester":"1","year":"3"},"projectDetails":{"description":"Rem ad sunt in fugi","title":"Ab expedita voluptat","websiteUrl":"https://www.xajofury.info"},"status":"submitted","submittedAt":"2025-10-27T11:06:43.912Z"},"level":"info","message":"Create submission request","service":"node-express-backend","timestamp":"2025-10-27 16:36:43"}
{"ip":"::1","level":"warn","message":"Missing Authorization header for request","path":"/api/submissions","service":"node-express-backend","timestamp":"2025-10-27 16:36:44"}
{"level":"info","message":"MongoDB connected successfully to development database","service":"node-express-backend","timestamp":"2025-10-27 16:40:04"}
{"level":"info","message":"Server running on port 3000 in development mode","service":"node-express-backend","timestamp":"2025-10-27 16:40:04"}
{"level":"info","message":"API documentation available at http://localhost:3000/api-docs","service":"node-express-backend","timestamp":"2025-10-27 16:40:04"}
{"err":"jwt expired","level":"warn","message":"Invalid access token","path":"/api/mcq","service":"node-express-backend","timestamp":"2025-10-27 16:46:41","token":"eyJhbGci..."}
{"category":"UI/UX Designer","level":"info","message":"Create MCQ request","questionLength":19,"service":"node-express-backend","timestamp":"2025-10-27 16:47:01"}
{"category":"Frontend Developer","level":"info","message":"Create MCQ request","questionLength":19,"service":"node-express-backend","timestamp":"2025-10-27 16:47:16"}
{"level":"info","message":"Bulk MCQ upload","processed":100,"received":100,"service":"node-express-backend","timestamp":"2025-10-27 16:49:12"}
{"category":"Python Developer","level":"info","message":"Create MCQ request","questionLength":19,"service":"node-express-backend","timestamp":"2025-10-27 16:52:29"}
{"category":"Full Stack Developer","level":"info","message":"Create MCQ request","questionLength":20,"service":"node-express-backend","timestamp":"2025-10-27 16:52:51"}
{"level":"info","message":"MongoDB connected successfully to development database","service":"node-express-backend","timestamp":"2025-10-27 17:01:57"}
{"level":"info","message":"Server running on port 3000 in development mode","service":"node-express-backend","timestamp":"2025-10-27 17:01:57"}
{"level":"info","message":"API documentation available at http://localhost:3000/api-docs","service":"node-express-backend","timestamp":"2025-10-27 17:01:57"}
{"err":"jwt expired","level":"warn","message":"Invalid access token","path":"/api/submissions?_order=created_at&_order_dir=desc","service":"node-express-backend","timestamp":"2025-10-27 17:17:08","token":"eyJhbGci..."}
{"body":{"mcqAnswers":[{"isCorrect":true,"questionId":"68ff5530eb013d9fd2385409","selectedAnswer":2},{"isCorrect":true,"questionId":"68ff5530eb013d9fd238540a","selectedAnswer":1},{"isCorrect":true,"questionId":"68ff5530eb013d9fd238540b","selectedAnswer":3},{"isCorrect":true,"questionId":"68ff5530eb013d9fd238540c","selectedAnswer":0},{"isCorrect":true,"questionId":"68ff5530eb013d9fd238540d","selectedAnswer":2},{"isCorrect":true,"questionId":"68ff5530eb013d9fd238540e","selectedAnswer":3},{"isCorrect":true,"questionId":"68ff5530eb013d9fd238540f","selectedAnswer":1},{"isCorrect":true,"questionId":"68ff5530eb013d9fd2385410","selectedAnswer":2},{"isCorrect":true,"questionId":"68ff5530eb013d9fd2385411","selectedAnswer":3},{"isCorrect":true,"questionId":"68ff5530eb013d9fd2385412","selectedAnswer":1},{"isCorrect":true,"questionId":"68ff5530eb013d9fd2385413","selectedAnswer":1},{"isCorrect":true,"questionId":"68ff5530eb013d9fd2385414","selectedAnswer":1},{"isCorrect":true,"questionId":"68ff5530eb013d9fd2385415","selectedAnswer":1},{"isCorrect":true,"questionId":"68ff5530eb013d9fd2385416","selectedAnswer":1},{"isCorrect":true,"questionId":"68ff5530eb013d9fd2385417","selectedAnswer":2},{"isCorrect":true,"questionId":"68ff5530eb013d9fd2385418","selectedAnswer":1},{"isCorrect":true,"questionId":"68ff5530eb013d9fd2385419","selectedAnswer":1},{"isCorrect":true,"questionId":"68ff5530eb013d9fd238541a","selectedAnswer":3},{"isCorrect":true,"questionId":"68ff5530eb013d9fd238541b","selectedAnswer":1},{"isCorrect":true,"questionId":"68ff5530eb013d9fd238541c","selectedAnswer":2}],"mcqScore":{"correctAnswers":20,"percentage":100,"totalQuestions":20},"personalInfo":{"collegeName":"Carlos Puckett","department":"Dolorem lorem qui po","email":"danokifyge@mailinator.com","fullName":"Axel Ball","phone":"+1 (119) 577-7579","role":"UI/UX","semester":"2","year":"3"},"projectDetails":{"description":"Quod voluptates repr","title":"Commodo inventore vo","websiteUrl":"https://www.sades.cm"},"status":"submitted","submittedAt":"2025-10-27T12:20:52.788Z"},"level":"info","message":"Create submission request","service":"node-express-backend","timestamp":"2025-10-27 17:50:52"}
{"level":"info","message":"MongoDB connected successfully to development database","service":"node-express-backend","timestamp":"2025-10-27 17:55:44"}
{"level":"info","message":"Server running on port 3000 in development mode","service":"node-express-backend","timestamp":"2025-10-27 17:55:44"}
{"level":"info","message":"API documentation available at http://localhost:3000/api-docs","service":"node-express-backend","timestamp":"2025-10-27 17:55:44"}
{"level":"info","message":"Bulk MCQ upload","processed":149,"received":149,"service":"node-express-backend","timestamp":"2025-10-27 17:58:34"}
{"_message":"MCQQuestion validation failed","errors":{"category":{"kind":"enum","message":"`SFrontend Developer` is not a valid enum value for path `category`.","name":"ValidatorError","path":"category","properties":{"enumValues":["Full Stack Developer","Python Developer","Backend Developer","Frontend Developer","UI/UX Designer"],"length":19,"message":"`SFrontend Developer` is not a valid enum value for path `category`.","path":"category","type":"enum","value":"SFrontend Developer"},"value":"SFrontend Developer"}},"level":"error","message":"Bulk create MCQ error MCQQuestion validation failed: category: `SFrontend Developer` is not a valid enum value for path `category`.","service":"node-express-backend","stack":"ValidationError: MCQQuestion validation failed: category: `SFrontend Developer` is not a valid enum value for path `category`.\n    at Document.invalidate (C:\\Users\\SUBARNA MONDAL\\Desktop\\kryptonics\\kyptronix-nova-nexus-main\\backend\\node_modules\\mongoose\\lib\\document.js:3362:32)\n    at C:\\Users\\SUBARNA MONDAL\\Desktop\\kryptonics\\kyptronix-nova-nexus-main\\backend\\node_modules\\mongoose\\lib\\document.js:3123:17\n    at C:\\Users\\SUBARNA MONDAL\\Desktop\\kryptonics\\kyptronix-nova-nexus-main\\backend\\node_modules\\mongoose\\lib\\schemaType.js:1420:9\n    at process.processTicksAndRejections (node:internal/process/task_queues:85:11)","timestamp":"2025-10-27 17:58:35"}
{"level":"info","message":"Bulk MCQ upload","processed":150,"received":150,"service":"node-express-backend","timestamp":"2025-10-27 18:02:25"}
{"err":"jwt expired","level":"warn","message":"Invalid access token","path":"/api/submissions?_order=created_at&_order_dir=desc","service":"node-express-backend","timestamp":"2025-10-27 18:02:44","token":"eyJhbGci..."}
{"ip":"::1","level":"warn","message":"Missing Authorization header for request","path":"/api/submissions?_order=created_at&_order_dir=desc","service":"node-express-backend","timestamp":"2025-10-27 18:22:26"}
{"level":"info","message":"MongoDB connected successfully to development database","service":"node-express-backend","timestamp":"2025-10-27 18:37:25"}
{"level":"info","message":"Server running on port 3000 in development mode","service":"node-express-backend","timestamp":"2025-10-27 18:37:25"}
{"level":"info","message":"API documentation available at http://localhost:3000/api-docs","service":"node-express-backend","timestamp":"2025-10-27 18:37:25"}
{"level":"info","message":"MongoDB connected successfully to development database","service":"node-express-backend","timestamp":"2025-10-27 18:40:52"}
{"level":"info","message":"Server running on port 3000 in development mode","service":"node-express-backend","timestamp":"2025-10-27 18:40:52"}
{"level":"info","message":"API documentation available at http://localhost:3000/api-docs","service":"node-express-backend","timestamp":"2025-10-27 18:40:52"}
{"body":{"mcqAnswers":[{"isCorrect":false,"questionId":"68ff666c52ad5174d55a5ea6","selectedAnswer":0},{"isCorrect":false,"questionId":"68ff666c52ad5174d55a5ea7","selectedAnswer":0},{"isCorrect":false,"questionId":"68ff666c52ad5174d55a5ea8","selectedAnswer":0},{"isCorrect":false,"questionId":"68ff666c52ad5174d55a5ea9","selectedAnswer":2},{"isCorrect":false,"questionId":"68ff666c52ad5174d55a5eaa","selectedAnswer":1},{"isCorrect":false,"questionId":"68ff666c52ad5174d55a5eab","selectedAnswer":0},{"isCorrect":false,"questionId":"68ff666c52ad5174d55a5eac","selectedAnswer":2},{"isCorrect":true,"questionId":"68ff666c52ad5174d55a5ead","selectedAnswer":2},{"isCorrect":true,"questionId":"68ff666c52ad5174d55a5eae","selectedAnswer":3},{"isCorrect":true,"questionId":"68ff666c52ad5174d55a5eaf","selectedAnswer":1},{"isCorrect":true,"questionId":"68ff666c52ad5174d55a5eb0","selectedAnswer":1},{"isCorrect":false,"questionId":"68ff666c52ad5174d55a5eb1","selectedAnswer":2},{"isCorrect":false,"questionId":"68ff666c52ad5174d55a5eb2","selectedAnswer":2},{"isCorrect":false,"questionId":"68ff666c52ad5174d55a5eb3","selectedAnswer":2},{"isCorrect":true,"questionId":"68ff666c52ad5174d55a5eb4","selectedAnswer":2},{"isCorrect":true,"questionId":"68ff666c52ad5174d55a5eb9","selectedAnswer":2},{"isCorrect":false,"questionId":"68ff666c52ad5174d55a5eb8","selectedAnswer":2},{"isCorrect":false,"questionId":"68ff666c52ad5174d55a5eb7","selectedAnswer":1},{"isCorrect":true,"questionId":"68ff666c52ad5174d55a5eb6","selectedAnswer":1},{"isCorrect":false,"questionId":"68ff666c52ad5174d55a5eb5","selectedAnswer":2},{"isCorrect":false,"questionId":"68ff666c52ad5174d55a5ebe","selectedAnswer":2},{"isCorrect":true,"questionId":"68ff666c52ad5174d55a5ebd","selectedAnswer":2},{"isCorrect":false,"questionId":"68ff666c52ad5174d55a5ebc","selectedAnswer":2},{"isCorrect":false,"questionId":"68ff666c52ad5174d55a5ebb","selectedAnswer":1},{"isCorrect":true,"questionId":"68ff666c52ad5174d55a5eba","selectedAnswer":2},{"isCorrect":true,"questionId":"68ff666c52ad5174d55a5ec3","selectedAnswer":1},{"isCorrect":true,"questionId":"68ff666c52ad5174d55a5ec2","selectedAnswer":1},{"isCorrect":true,"questionId":"68ff666c52ad5174d55a5ec1","selectedAnswer":1},{"isCorrect":false,"questionId":"68ff666c52ad5174d55a5ec0","selectedAnswer":2},{"isCorrect":false,"questionId":"68ff666c52ad5174d55a5ebf","selectedAnswer":1}],"mcqScore":{"correctAnswers":12,"percentage":40,"totalQuestions":30},"personalInfo":{"collegeName":"Martin Reynolds","department":"Ut incididunt et cum","email":"zyrihuqu@mailinator.com","fullName":"Kathleen Meadows","phone":"+1 (366) 583-8275","role":"UI/UX","semester":"4","year":"4"},"projectDetails":{"description":"Exercitationem et se","githubRepo":"https://www.kurohud.mobi","title":"Ipsum quae commodi ","websiteUrl":"https://www.vyvunipeha.mobi"},"status":"submitted","submittedAt":"2025-10-27T13:16:49.466Z"},"level":"info","message":"Create submission request","service":"node-express-backend","timestamp":"2025-10-27 18:46:49"}
{"level":"info","message":"GitHub repo in submission","repo":"https://www.kurohud.mobi","service":"node-express-backend","timestamp":"2025-10-27 18:46:49"}
{"ip":"::1","level":"warn","message":"Missing Authorization header for request","path":"/api/mcq/config","service":"node-express-backend","timestamp":"2025-10-27 18:52:36"}
{"ip":"::1","level":"warn","message":"Missing Authorization header for request","path":"/api/mcq/config","service":"node-express-backend","timestamp":"2025-10-27 18:52:53"}
{"ip":"::1","level":"warn","message":"Missing Authorization header for request","path":"/api/mcq/config","service":"node-express-backend","timestamp":"2025-10-27 18:55:00"}
{"ip":"::1","level":"warn","message":"Missing Authorization header for request","path":"/api/mcq/config","service":"node-express-backend","timestamp":"2025-10-27 18:57:30"}
{"ip":"::1","level":"warn","message":"Missing Authorization header for request","path":"/api/mcq/config","service":"node-express-backend","timestamp":"2025-10-27 18:59:22"}
{"level":"info","message":"MongoDB connected successfully to development database","service":"node-express-backend","timestamp":"2025-10-27 18:59:30"}
{"level":"info","message":"Server running on port 3000 in development mode","service":"node-express-backend","timestamp":"2025-10-27 18:59:30"}
{"level":"info","message":"API documentation available at http://localhost:3000/api-docs","service":"node-express-backend","timestamp":"2025-10-27 18:59:30"}
{"err":"jwt expired","level":"warn","message":"Invalid access token","path":"/api/submissions?_order=created_at&_order_dir=desc","service":"node-express-backend","timestamp":"2025-10-27 19:00:00","token":"eyJhbGci..."}
{"ip":"::1","level":"warn","message":"Missing Authorization header for request","path":"/api/mcq/config","service":"node-express-backend","timestamp":"2025-10-27 19:00:56"}
{"ip":"::1","level":"warn","message":"Missing Authorization header for request","path":"/api/mcq/config","service":"node-express-backend","timestamp":"2025-10-27 19:01:43"}
{"ip":"::1","level":"warn","message":"Missing Authorization header for request","path":"/api/mcq/config","service":"node-express-backend","timestamp":"2025-10-27 19:05:45"}
{"ip":"::1","level":"warn","message":"Missing Authorization header for request","path":"/api/mcq/config","service":"node-express-backend","timestamp":"2025-10-27 19:06:38"}
{"ip":"::1","level":"warn","message":"Missing Authorization header for request","path":"/api/mcq/config","service":"node-express-backend","timestamp":"2025-10-27 19:07:07"}
{"ip":"::1","level":"warn","message":"Missing Authorization header for request","path":"/api/mcq/config","service":"node-express-backend","timestamp":"2025-10-27 19:07:16"}
{"ip":"::1","level":"warn","message":"Missing Authorization header for request","path":"/api/mcq/config","service":"node-express-backend","timestamp":"2025-10-27 19:07:23"}
{"ip":"::1","level":"warn","message":"Missing Authorization header for request","path":"/api/mcq/config","service":"node-express-backend","timestamp":"2025-10-27 19:08:49"}
{"ip":"::1","level":"warn","message":"Missing Authorization header for request","path":"/api/mcq/config","service":"node-express-backend","timestamp":"2025-10-27 19:10:19"}
{"ip":"::1","level":"warn","message":"Missing Authorization header for request","path":"/api/mcq/config","service":"node-express-backend","timestamp":"2025-10-27 19:10:43"}
{"ip":"::1","level":"warn","message":"Missing Authorization header for request","path":"/api/mcq/config","service":"node-express-backend","timestamp":"2025-10-27 19:11:31"}
{"ip":"::1","level":"warn","message":"Missing Authorization header for request","path":"/api/mcq/config","service":"node-express-backend","timestamp":"2025-10-27 19:11:40"}
{"level":"info","message":"MongoDB connected successfully to development database","service":"node-express-backend","timestamp":"2025-10-27 19:12:37"}
{"level":"info","message":"Server running on port 3000 in development mode","service":"node-express-backend","timestamp":"2025-10-27 19:12:37"}
{"level":"info","message":"API documentation available at http://localhost:3000/api-docs","service":"node-express-backend","timestamp":"2025-10-27 19:12:37"}
{"ip":"::1","level":"warn","message":"Missing Authorization header for request","path":"/api/mcq/config","service":"node-express-backend","timestamp":"2025-10-27 19:12:48"}
{"ip":"::1","level":"warn","message":"Missing Authorization header for request","path":"/api/mcq/config","service":"node-express-backend","timestamp":"2025-10-27 19:13:39"}
{"ip":"::1","level":"warn","message":"Missing Authorization header for request","path":"/api/mcq/config","service":"node-express-backend","timestamp":"2025-10-27 19:13:40"}
{"ip":"::1","level":"warn","message":"Missing Authorization header for request","path":"/api/mcq/config","service":"node-express-backend","timestamp":"2025-10-27 19:13:57"}
{"level":"info","message":"MongoDB connected successfully to development database","service":"node-express-backend","timestamp":"2025-10-27 19:14:08"}
{"level":"info","message":"Server running on port 3000 in development mode","service":"node-express-backend","timestamp":"2025-10-27 19:14:08"}
{"level":"info","message":"API documentation available at http://localhost:3000/api-docs","service":"node-express-backend","timestamp":"2025-10-27 19:14:08"}
{"ip":"::1","level":"warn","message":"Missing Authorization header for request","path":"/api/mcq/config","service":"node-express-backend","timestamp":"2025-10-27 19:14:14"}
{"ip":"::1","level":"warn","message":"Missing Authorization header for request","path":"/api/mcq/config","service":"node-express-backend","timestamp":"2025-10-27 19:15:19"}
{"level":"info","message":"MongoDB connected successfully to development database","service":"node-express-backend","timestamp":"2025-10-27 19:16:15"}
{"level":"info","message":"Server running on port 3000 in development mode","service":"node-express-backend","timestamp":"2025-10-27 19:16:15"}
{"level":"info","message":"API documentation available at http://localhost:3000/api-docs","service":"node-express-backend","timestamp":"2025-10-27 19:16:15"}
{"ip":"::1","level":"warn","message":"Missing Authorization header for request","path":"/api/mcq/config","service":"node-express-backend","timestamp":"2025-10-27 19:16:37"}
{"ip":"::1","level":"warn","message":"Missing Authorization header for request","path":"/api/admin/settings/mcq_passing_percentage","service":"node-express-backend","timestamp":"2025-10-27 19:17:50"}
{"ip":"::1","level":"warn","message":"Missing Authorization header for request","path":"/api/mcq/config","service":"node-express-backend","timestamp":"2025-10-27 19:17:50"}
{"ip":"::1","level":"warn","message":"Missing Authorization header for request","path":"/api/mcq/config","service":"node-express-backend","timestamp":"2025-10-27 19:18:07"}
{"ip":"::1","level":"warn","message":"Missing Authorization header for request","path":"/api/mcq/config","service":"node-express-backend","timestamp":"2025-10-27 19:20:57"}
{"ip":"::1","level":"warn","message":"Missing Authorization header for request","path":"/api/mcq/config","service":"node-express-backend","timestamp":"2025-10-27 19:21:03"}
{"ip":"::1","level":"warn","message":"Missing Authorization header for request","path":"/api/mcq/config","service":"node-express-backend","timestamp":"2025-10-27 19:22:02"}
{"ip":"::1","level":"warn","message":"Missing Authorization header for request","path":"/api/mcq/config","service":"node-express-backend","timestamp":"2025-10-27 19:24:49"}
{"level":"info","message":"MongoDB connected successfully to development database","service":"node-express-backend","timestamp":"2025-10-27 19:26:43"}
{"level":"info","message":"Server running on port 3000 in development mode","service":"node-express-backend","timestamp":"2025-10-27 19:26:43"}
{"level":"info","message":"API documentation available at http://localhost:3000/api-docs","service":"node-express-backend","timestamp":"2025-10-27 19:26:43"}
{"ip":"::1","level":"warn","message":"Missing Authorization header for request","path":"/api/mcq/config","service":"node-express-backend","timestamp":"2025-10-27 19:26:59"}
{"level":"info","message":"MongoDB connected successfully to development database","service":"node-express-backend","timestamp":"2025-10-27 19:29:35"}
{"level":"info","message":"Server running on port 3000 in development mode","service":"node-express-backend","timestamp":"2025-10-27 19:29:35"}
{"level":"info","message":"API documentation available at http://localhost:3000/api-docs","service":"node-express-backend","timestamp":"2025-10-27 19:29:35"}
{"level":"info","message":"MCQ routes registered:","routes":["GET /categories","GET /","GET /config","GET /:id","POST /validate","POST /","POST /bulk","PUT /:id","DELETE /:id"],"service":"node-express-backend","timestamp":"2025-10-27 19:34:30"}
{"level":"info","message":"MongoDB connected successfully to development database","service":"node-express-backend","timestamp":"2025-10-27 19:34:30"}
{"level":"info","message":"Server running on port 3000 in development mode","service":"node-express-backend","timestamp":"2025-10-27 19:34:30"}
{"level":"info","message":"API documentation available at http://localhost:3000/api-docs","service":"node-express-backend","timestamp":"2025-10-27 19:34:30"}
{"level":"info","message":"getConfig() called - Fetching MCQ passing percentage","service":"node-express-backend","timestamp":"2025-10-27 19:34:42"}
{"level":"info","message":"Returning passingPercentage successfully:","service":"node-express-backend","timestamp":"2025-10-27 19:34:42"}
{"level":"info","message":"MCQ routes registered:","routes":["GET /categories","GET /","GET /config","GET /:id","POST /validate","POST /","POST /bulk","PUT /:id","DELETE /:id"],"service":"node-express-backend","timestamp":"2025-10-27 19:40:55"}
{"level":"info","message":"MongoDB connected successfully to development database","service":"node-express-backend","timestamp":"2025-10-27 19:40:55"}
{"level":"info","message":"Server running on port 5112 in development mode","service":"node-express-backend","timestamp":"2025-10-27 19:40:55"}
{"level":"info","message":"API documentation available at http://localhost:5112/api-docs","service":"node-express-backend","timestamp":"2025-10-27 19:40:55"}
{"level":"info","message":"getConfig() called - Fetching MCQ passing percentage","service":"node-express-backend","timestamp":"2025-10-27 19:41:11"}
{"level":"info","message":"Returning passingPercentage successfully:","service":"node-express-backend","timestamp":"2025-10-27 19:41:11"}
{"level":"info","message":"getConfig() called - Fetching MCQ passing percentage","service":"node-express-backend","timestamp":"2025-10-27 19:41:42"}
{"level":"info","message":"Returning passingPercentage successfully:","service":"node-express-backend","timestamp":"2025-10-27 19:41:42"}
{"level":"info","message":"getConfig() called - Fetching MCQ passing percentage","service":"node-express-backend","timestamp":"2025-10-27 19:42:49"}
{"level":"info","message":"Returning passingPercentage successfully:","service":"node-express-backend","timestamp":"2025-10-27 19:42:49"}
{"level":"info","message":"getConfig() called - Fetching MCQ passing percentage","service":"node-express-backend","timestamp":"2025-10-27 19:46:57"}
{"level":"info","message":"Returning passingPercentage successfully:","service":"node-express-backend","timestamp":"2025-10-27 19:46:57"}
{"level":"info","message":"MCQ routes registered:","routes":["GET /categories","GET /","GET /config","POST /validate","GET /:id","POST /","POST /bulk","PUT /:id","DELETE /:id"],"service":"node-express-backend","timestamp":"2025-10-27 22:57:19"}
{"level":"info","message":"MongoDB connected successfully to development database","service":"node-express-backend","timestamp":"2025-10-27 22:57:20"}
{"level":"info","message":"Server running on port 5112 in development mode","service":"node-express-backend","timestamp":"2025-10-27 22:57:20"}
{"level":"info","message":"API documentation available at http://localhost:5112/api-docs","service":"node-express-backend","timestamp":"2025-10-27 22:57:20"}
{"err":"jwt expired","level":"warn","message":"Invalid access token","path":"/api/submissions?_order=created_at&_order_dir=desc","service":"node-express-backend","timestamp":"2025-10-27 23:03:25","token":"eyJhbGci..."}
{"level":"info","message":"getConfig() called - Fetching MCQ passing percentage","service":"node-express-backend","timestamp":"2025-10-27 23:11:59"}
{"level":"info","message":"Returning passingPercentage successfully:","service":"node-express-backend","timestamp":"2025-10-27 23:11:59"}
{"level":"info","message":"MCQ routes registered:","routes":["GET /categories","GET /","GET /config","POST /validate","GET /:id","POST /","POST /bulk","PUT /:id","DELETE /:id"],"service":"node-express-backend","timestamp":"2025-11-03 12:40:06"}
{"level":"info","message":"MongoDB connected successfully to development database","service":"node-express-backend","timestamp":"2025-11-03 12:40:07"}
{"level":"info","message":"Server running on port 5112 in development mode","service":"node-express-backend","timestamp":"2025-11-03 12:40:07"}
{"level":"info","message":"API documentation available at http://localhost:5112/api-docs","service":"node-express-backend","timestamp":"2025-11-03 12:40:07"}
{"err":"jwt expired","level":"warn","message":"Invalid access token","path":"/api/submissions?_order=created_at&_order_dir=desc","service":"node-express-backend","timestamp":"2025-11-03 12:41:20","token":"eyJhbGci..."}
{"ip":"::1","level":"warn","message":"Missing Authorization header for request","path":"/api/submissions?_order=created_at&_order_dir=desc","service":"node-express-backend","timestamp":"2025-11-03 13:19:20"}
{"err":"jwt expired","level":"warn","message":"Invalid access token","path":"/api/submissions","service":"node-express-backend","timestamp":"2025-11-03 13:35:59","token":"eyJhbGci..."}
{"level":"info","message":"MCQ routes registered:","routes":["GET /categories","GET /","GET /config","POST /validate","GET /:id","POST /","POST /bulk","PUT /:id","DELETE /:id"],"service":"node-express-backend","timestamp":"2025-11-03 13:40:38"}
{"level":"info","message":"MongoDB connected successfully to development database","service":"node-express-backend","timestamp":"2025-11-03 13:40:39"}
{"level":"info","message":"Server running on port 5112 in development mode","service":"node-express-backend","timestamp":"2025-11-03 13:40:39"}
{"level":"info","message":"API documentation available at http://localhost:5112/api-docs","service":"node-express-backend","timestamp":"2025-11-03 13:40:39"}
{"err":"invalid signature","level":"warn","message":"Invalid access token","path":"/api/submissions?","service":"node-express-backend","timestamp":"2025-11-03 13:42:20","token":"eyJhbGci..."}
{"err":"invalid signature","level":"warn","message":"Invalid access token","path":"/api/submissions?","service":"node-express-backend","timestamp":"2025-11-03 13:43:26","token":"eyJhbGci..."}
{"err":"invalid signature","level":"warn","message":"Invalid access token","path":"/api/submissions?","service":"node-express-backend","timestamp":"2025-11-03 13:44:41","token":"eyJhbGci..."}
{"err":"invalid signature","level":"warn","message":"Invalid access token","path":"/api/submissions?","service":"node-express-backend","timestamp":"2025-11-03 13:45:07","token":"eyJhbGci..."}
{"err":"invalid signature","level":"warn","message":"Invalid access token","path":"/api/submissions?","service":"node-express-backend","timestamp":"2025-11-03 13:45:25","token":"eyJhbGci..."}
{"err":"invalid signature","level":"warn","message":"Invalid access token","path":"/api/submissions?","service":"node-express-backend","timestamp":"2025-11-03 13:45:53","token":"eyJhbGci..."}
{"err":"jwt expired","level":"warn","message":"Invalid access token","path":"/api/submissions?limit=1000","service":"node-express-backend","timestamp":"2025-11-03 14:03:49","token":"eyJhbGci..."}
{"err":"jwt expired","level":"warn","message":"Invalid access token","path":"/api/submissions?limit=1000","service":"node-express-backend","timestamp":"2025-11-03 14:04:01","token":"eyJhbGci..."}
{"err":"jwt expired","level":"warn","message":"Invalid access token","path":"/api/submissions?limit=1000","service":"node-express-backend","timestamp":"2025-11-03 14:04:08","token":"eyJhbGci..."}
{"err":"jwt expired","level":"warn","message":"Invalid access token","path":"/api/submissions?limit=1000","service":"node-express-backend","timestamp":"2025-11-03 14:53:52","token":"eyJhbGci..."}
{"level":"info","message":"MongoDB reconnected","service":"node-express-backend","timestamp":"2025-11-03 18:04:32"}
{"level":"info","message":"MongoDB reconnected","service":"node-express-backend","timestamp":"2025-11-03 18:04:32"}
{"level":"warn","message":"MongoDB disconnected","service":"node-express-backend","timestamp":"2025-11-03 20:12:09"}
{"level":"info","message":"MongoDB reconnected","service":"node-express-backend","timestamp":"2025-11-03 20:12:09"}
{"level":"info","message":"MCQ routes registered:","routes":["GET /categories","GET /","GET /config","POST /validate","GET /:id","POST /","POST /bulk","PUT /:id","DELETE /:id"],"service":"node-express-backend","timestamp":"2025-11-03 21:09:37"}
{"level":"info","message":"MongoDB connected successfully to development database","service":"node-express-backend","timestamp":"2025-11-03 21:09:38"}
{"level":"info","message":"MCQ routes registered:","routes":["GET /categories","GET /","GET /config","POST /validate","GET /:id","POST /","POST /bulk","PUT /:id","DELETE /:id"],"service":"node-express-backend","timestamp":"2025-11-03 21:09:46"}
{"level":"info","message":"MongoDB connected successfully to development database","service":"node-express-backend","timestamp":"2025-11-03 21:09:48"}
{"err":"invalid signature","level":"warn","message":"Invalid access token","path":"/api/excel-sheet?","service":"node-express-backend","timestamp":"2025-11-03 21:27:13","token":"eyJhbGci..."}
{"err":"invalid signature","level":"warn","message":"Invalid access token","path":"/api/excel-sheet?","service":"node-express-backend","timestamp":"2025-11-03 21:27:19","token":"eyJhbGci..."}
{"err":"invalid signature","level":"warn","message":"Invalid access token","path":"/api/excel-sheet?","service":"node-express-backend","timestamp":"2025-11-03 21:27:24","token":"eyJhbGci..."}
{"err":"invalid signature","level":"warn","message":"Invalid access token","path":"/api/excel-sheet?","service":"node-express-backend","timestamp":"2025-11-03 21:27:47","token":"eyJhbGci..."}
{"err":"invalid signature","level":"warn","message":"Invalid access token","path":"/api/excel-sheet/6908752ec94bc5a7a3671b28","service":"node-express-backend","timestamp":"2025-11-03 21:30:23","token":"eyJhbGci..."}
{"err":"jwt expired","level":"warn","message":"Invalid access token","path":"/api/excel-sheet/6908752dc94bc5a7a3671b0c","service":"node-express-backend","timestamp":"2025-11-03 21:46:35","token":"eyJhbGci..."}
{"_message":"ExcelSheetEntry validation failed","errors":{"status":{"kind":"enum","message":"`under-review` is not a valid enum value for path `status`.","name":"ValidatorError","path":"status","properties":{"enumValues":["pending","selected","shortlisted","rejected"],"length":12,"message":"`under-review` is not a valid enum value for path `status`.","path":"status","type":"enum","value":"under-review"},"value":"under-review"}},"level":"error","message":"Update Excel sheet entry error ExcelSheetEntry validation failed: status: `under-review` is not a valid enum value for path `status`.","service":"node-express-backend","stack":"ValidationError: ExcelSheetEntry validation failed: status: `under-review` is not a valid enum value for path `status`.\n    at Document.invalidate (C:\\Users\\SUBARNA MONDAL\\Desktop\\kryptonics\\kyptronix-nova-nexus-main\\backend\\node_modules\\mongoose\\lib\\document.js:3362:32)\n    at C:\\Users\\SUBARNA MONDAL\\Desktop\\kryptonics\\kyptronix-nova-nexus-main\\backend\\node_modules\\mongoose\\lib\\document.js:3123:17\n    at C:\\Users\\SUBARNA MONDAL\\Desktop\\kryptonics\\kyptronix-nova-nexus-main\\backend\\node_modules\\mongoose\\lib\\schemaType.js:1420:9\n    at process.processTicksAndRejections (node:internal/process/task_queues:85:11)","timestamp":"2025-11-03 21:46:56"}
{"level":"info","message":"MCQ routes registered:","routes":["GET /categories","GET /","GET /config","POST /validate","GET /:id","POST /","POST /bulk","PUT /:id","DELETE /:id"],"service":"node-express-backend","timestamp":"2025-11-03 21:49:40"}
{"level":"info","message":"MongoDB connected successfully to development database","service":"node-express-backend","timestamp":"2025-11-03 21:49:41"}
{"level":"info","message":"Server running on port 5112 in development mode","service":"node-express-backend","timestamp":"2025-11-03 21:49:41"}
{"level":"info","message":"API documentation available at http://localhost:5112/api-docs","service":"node-express-backend","timestamp":"2025-11-03 21:49:41"}
{"err":"jwt expired","level":"warn","message":"Invalid access token","path":"/api/submissions?limit=1000","service":"node-express-backend","timestamp":"2025-11-03 22:01:46","token":"eyJhbGci..."}
{"err":"jwt expired","level":"warn","message":"Invalid access token","path":"/api/excel-sheet?limit=1000","service":"node-express-backend","timestamp":"2025-11-03 22:01:46","token":"eyJhbGci..."}
{"err":"invalid signature","level":"warn","message":"Invalid access token","path":"/api/excel-sheet/add/6900a3af6a131f58c118fa44","service":"node-express-backend","timestamp":"2025-11-03 22:17:37","token":"eyJhbGci..."}
{"err":"invalid signature","level":"warn","message":"Invalid access token","path":"/api/excel-sheet/add/6900a3af6a131f58c118fa44","service":"node-express-backend","timestamp":"2025-11-03 22:17:46","token":"eyJhbGci..."}
{"err":"invalid signature","level":"warn","message":"Invalid access token","path":"/api/excel-sheet/add/6900a3636a131f58c118fa3e","service":"node-express-backend","timestamp":"2025-11-03 22:18:09","token":"eyJhbGci..."}
{"err":"invalid signature","level":"warn","message":"Invalid access token","path":"/api/excel-sheet/6908752bc94bc5a7a3671ad8","service":"node-express-backend","timestamp":"2025-11-03 22:41:09","token":"eyJhbGci..."}
{"level":"info","message":"MCQ routes registered:","routes":["GET /categories","GET /","GET /config","POST /validate","GET /:id","POST /","POST /bulk","PUT /:id","DELETE /:id"],"service":"node-express-backend","timestamp":"2025-11-04 09:53:16"}
{"level":"info","message":"MongoDB connected successfully to development database","service":"node-express-backend","timestamp":"2025-11-04 09:53:18"}
{"level":"info","message":"Server running on port 5112 in development mode","service":"node-express-backend","timestamp":"2025-11-04 09:53:18"}
{"level":"info","message":"API documentation available at http://localhost:5112/api-docs","service":"node-express-backend","timestamp":"2025-11-04 09:53:18"}
{"err":"jwt expired","level":"warn","message":"Invalid access token","path":"/api/submissions?limit=1000","service":"node-express-backend","timestamp":"2025-11-04 09:54:20","token":"eyJhbGci..."}
{"err":"jwt expired","level":"warn","message":"Invalid access token","path":"/api/excel-sheet?limit=1000","service":"node-express-backend","timestamp":"2025-11-04 09:54:20","token":"eyJhbGci..."}
{"err":"invalid signature","level":"warn","message":"Invalid access token","path":"/api/excel-sheet/6908dec82fa517bbdfc9364f","service":"node-express-backend","timestamp":"2025-11-04 10:10:49","token":"eyJhbGci..."}
{"err":"invalid signature","level":"warn","message":"Invalid access token","path":"/api/excel-sheet/6908dec82fa517bbdfc9364f","service":"node-express-backend","timestamp":"2025-11-04 10:11:38","token":"eyJhbGci..."}
{"err":"invalid signature","level":"warn","message":"Invalid access token","path":"/api/excel-sheet?limit=1000","service":"node-express-backend","timestamp":"2025-11-04 10:32:05","token":"eyJhbGci..."}
{"err":"invalid signature","level":"warn","message":"Invalid access token","path":"/api/excel-sheet/6908dec82fa517bbdfc9364b","service":"node-express-backend","timestamp":"2025-11-04 10:34:43","token":"eyJhbGci..."}
{"level":"info","message":"MCQ routes registered:","routes":["GET /categories","GET /","GET /config","POST /validate","GET /:id","POST /","POST /bulk","PUT /:id","DELETE /:id"],"service":"node-express-backend","timestamp":"2025-11-04 10:55:29"}
{"level":"info","message":"MongoDB connected successfully to development database","service":"node-express-backend","timestamp":"2025-11-04 10:55:30"}
{"level":"info","message":"Server running on port 5112 in development mode","service":"node-express-backend","timestamp":"2025-11-04 10:55:30"}
{"level":"info","message":"API documentation available at http://localhost:5112/api-docs","service":"node-express-backend","timestamp":"2025-11-04 10:55:30"}
{"err":"jwt expired","level":"warn","message":"Invalid access token","path":"/api/excel-sheet/6908de912fa517bbdfc93639","service":"node-express-backend","timestamp":"2025-11-04 11:04:30","token":"eyJhbGci..."}
{"level":"info","message":"MCQ routes registered:","routes":["GET /categories","GET /","GET /config","POST /validate","GET /:id","POST /","POST /bulk","PUT /:id","DELETE /:id"],"service":"node-express-backend","timestamp":"2025-11-04 16:58:27"}
{"level":"info","message":"MongoDB connected successfully to development database","service":"node-express-backend","timestamp":"2025-11-04 16:58:28"}
{"level":"info","message":"Server running on port 5112 in development mode","service":"node-express-backend","timestamp":"2025-11-04 16:58:28"}
{"level":"info","message":"API documentation available at http://localhost:5112/api-docs","service":"node-express-backend","timestamp":"2025-11-04 16:58:28"}
{"level":"info","message":"MCQ routes registered:","routes":["GET /categories","GET /","GET /config","POST /validate","GET /:id","POST /","POST /bulk","PUT /:id","DELETE /:id"],"service":"node-express-backend","timestamp":"2025-11-04 18:01:37"}
{"level":"info","message":"MongoDB connected successfully to development database","service":"node-express-backend","timestamp":"2025-11-04 18:01:37"}
{"level":"info","message":"Server running on port 5112 in development mode","service":"node-express-backend","timestamp":"2025-11-04 18:01:37"}
{"level":"info","message":"API documentation available at http://localhost:5112/api-docs","service":"node-express-backend","timestamp":"2025-11-04 18:01:37"}
{"level":"info","message":"MongoDB reconnected","service":"node-express-backend","timestamp":"2025-11-04 20:47:25"}
{"level":"info","message":"MongoDB reconnected","service":"node-express-backend","timestamp":"2025-11-04 20:47:25"}
{"level":"warn","message":"MongoDB disconnected","service":"node-express-backend","timestamp":"2025-11-04 20:47:45"}
{"level":"info","message":"MongoDB reconnected","service":"node-express-backend","timestamp":"2025-11-04 20:47:46"}
